[debug] [2022-10-19T16:17:46.129Z] ----------------------------------------------------------------------
[debug] [2022-10-19T16:17:46.131Z] Command:       C:\Program Files\nodejs\node.exe C:\Program Files\nodejs\node_modules\firebase-tools\lib\bin\firebase.js init
[debug] [2022-10-19T16:17:46.131Z] CLI Version:   11.15.0
[debug] [2022-10-19T16:17:46.131Z] Platform:      win32
[debug] [2022-10-19T16:17:46.131Z] Node Version:  v18.7.0
[debug] [2022-10-19T16:17:46.133Z] Time:          Wed Oct 19 2022 18:17:46 GMT+0200 (Central European Summer Time)
[debug] [2022-10-19T16:17:46.133Z] ----------------------------------------------------------------------
[debug] 
[debug] [2022-10-19T16:17:46.141Z] > command requires scopes: ["email","openid","https://www.googleapis.com/auth/cloudplatformprojects.readonly","https://www.googleapis.com/auth/firebase","https://www.googleapis.com/auth/cloud-platform"]
[debug] [2022-10-19T16:17:46.141Z] > authorizing via signed-in user (hezarehee.h@gmail.com)
[info] 
     ######## #### ########  ######## ########     ###     ######  ########
     ##        ##  ##     ## ##       ##     ##  ##   ##  ##       ##
     ######    ##  ########  ######   ########  #########  ######  ######
     ##        ##  ##    ##  ##       ##     ## ##     ##       ## ##
     ##       #### ##     ## ######## ########  ##     ##  ######  ########

You're about to initialize a Firebase project in this directory:

  C:\Users\hheza\OneDrive\Developments\javascript\react\habibdev\react-portfolio-website

[info] 
=== Project Setup
[info] 
[info] First, let's associate this project directory with a Firebase project.
[info] You can create multiple project aliases by running firebase use --add, 
[info] but for now we'll just set up a default project.
[info] 
[info] i  If you want to create a project in a Google Cloud organization or folder, please use "firebase projects:create" instead, and return to this command when you've created the project. 
[debug] [2022-10-19T16:18:45.517Z] >>> [apiv2][query] POST https://cloudresourcemanager.googleapis.com/v1/projects [none]
[debug] [2022-10-19T16:18:45.517Z] >>> [apiv2][body] POST https://cloudresourcemanager.googleapis.com/v1/projects {"projectId":"portfolio-v2","name":"portfolio"}
[debug] [2022-10-19T16:18:46.471Z] <<< [apiv2][status] POST https://cloudresourcemanager.googleapis.com/v1/projects 409
[debug] [2022-10-19T16:18:46.471Z] <<< [apiv2][body] POST https://cloudresourcemanager.googleapis.com/v1/projects {"error":{"code":409,"message":"Requested entity already exists","status":"ALREADY_EXISTS"}}
[debug] [2022-10-19T16:18:46.602Z] FirebaseError: HTTP Error: 409, Requested entity already exists
    at responseToError (C:\Users\hheza\AppData\Roaming\nvm\v18.7.0\node_modules\firebase-tools\lib\responseToError.js:49:12)
    at RetryOperation._fn (C:\Users\hheza\AppData\Roaming\nvm\v18.7.0\node_modules\firebase-tools\lib\apiv2.js:288:77)
    at process.processTicksAndRejections (node:internal/process/task_queues:95:5)
[error] 
[error] Error: Failed to create project because there is already a project with ID portfolio-v2. Please try again with a unique project ID.
